Flow report for au_filter
Sat Jul 16 17:16:45 2022
Quartus Prime Version 18.0.0 Build 614 04/24/2018 SJ Standard Edition


---------------------
; Table of Contents ;
---------------------
  1. Legal Notice
  2. Flow Summary
  3. Flow Settings
  4. Flow Non-Default Global Settings
  5. Flow Elapsed Time
  6. Flow OS Summary
  7. Flow Log
  8. Flow Messages
  9. Flow Suppressed Messages



----------------
; Legal Notice ;
----------------
Copyright (C) 2018  Intel Corporation. All rights reserved.
Your use of Intel Corporation's design tools, logic functions 
and other software and tools, and its AMPP partner logic 
functions, and any output files from any of the foregoing 
(including device programming or simulation files), and any 
associated documentation or information are expressly subject 
to the terms and conditions of the Intel Program License 
Subscription Agreement, the Intel Quartus Prime License Agreement,
the Intel FPGA IP License Agreement, or other applicable license
agreement, including, without limitation, that your use is for
the sole purpose of programming logic devices manufactured by
Intel and sold by Intel or its authorized distributors.  Please
refer to the applicable agreement for further details.



+--------------------------------------------------------------------------------------+
; Flow Summary                                                                         ;
+------------------------------------+-------------------------------------------------+
; Flow Status                        ; Successful - Sat Jul 16 17:16:45 2022           ;
; Quartus Prime Version              ; 18.0.0 Build 614 04/24/2018 SJ Standard Edition ;
; Revision Name                      ; au_filter                                       ;
; Top-level Entity Name              ; au_filter                                       ;
; Family                             ; Cyclone IV E                                    ;
; Device                             ; EP4CE10F17C8                                    ;
; Timing Models                      ; Final                                           ;
; Total logic elements               ; 8,776 / 10,320 ( 85 % )                         ;
;     Total combinational functions  ; 6,407 / 10,320 ( 62 % )                         ;
;     Dedicated logic registers      ; 6,232 / 10,320 ( 60 % )                         ;
; Total registers                    ; 6232                                            ;
; Total pins                         ; 36 / 180 ( 20 % )                               ;
; Total virtual pins                 ; 0                                               ;
; Total memory bits                  ; 15,150 / 423,936 ( 4 % )                        ;
; Embedded Multiplier 9-bit elements ; 46 / 46 ( 100 % )                               ;
; Total PLLs                         ; 1 / 2 ( 50 % )                                  ;
+------------------------------------+-------------------------------------------------+


+-----------------------------------------+
; Flow Settings                           ;
+-------------------+---------------------+
; Option            ; Setting             ;
+-------------------+---------------------+
; Start date & time ; 07/16/2022 17:14:36 ;
; Main task         ; Compilation         ;
; Revision Name     ; au_filter           ;
+-------------------+---------------------+


+----------------------------------------------------------------------------------------------------------------------------------------------------------+
; Flow Non-Default Global Settings                                                                                                                         ;
+--------------------------------------+--------------------------------------------------------------------+---------------+-------------+----------------+
; Assignment Name                      ; Value                                                              ; Default Value ; Entity Name ; Section Id     ;
+--------------------------------------+--------------------------------------------------------------------+---------------+-------------+----------------+
; COMPILER_SIGNATURE_ID                ; 251682019991047.165796287604892                                    ; --            ; --          ; --             ;
; EDA_DESIGN_INSTANCE_NAME             ; NA                                                                 ; --            ; --          ; iir_serial_tb  ;
; EDA_NATIVELINK_SIMULATION_TEST_BENCH ; iir_serial_tb                                                      ; --            ; --          ; eda_simulation ;
; EDA_OUTPUT_DATA_FORMAT               ; Verilog Hdl                                                        ; --            ; --          ; eda_simulation ;
; EDA_SIMULATION_TOOL                  ; ModelSim-Altera (Verilog)                                          ; <None>        ; --          ; --             ;
; EDA_TEST_BENCH_ENABLE_STATUS         ; TEST_BENCH_MODE                                                    ; --            ; --          ; eda_simulation ;
; EDA_TEST_BENCH_FILE                  ; ../sim/iir_serial_tb.v                                             ; --            ; --          ; iir_serial_tb  ;
; EDA_TEST_BENCH_MODULE_NAME           ; iir_serial_tb                                                      ; --            ; --          ; iir_serial_tb  ;
; EDA_TEST_BENCH_NAME                  ; iir_serial_tb                                                      ; --            ; --          ; eda_simulation ;
; EDA_TIME_SCALE                       ; 1 ps                                                               ; --            ; --          ; eda_simulation ;
; MAX_CORE_JUNCTION_TEMP               ; 85                                                                 ; --            ; --          ; --             ;
; MIN_CORE_JUNCTION_TEMP               ; 0                                                                  ; --            ; --          ; --             ;
; MISC_FILE                            ; ipcore/fir/fir_sim/dspba_library_package.vhd                       ; --            ; --          ; --             ;
; MISC_FILE                            ; ipcore/fir/fir_sim/dspba_library.vhd                               ; --            ; --          ; --             ;
; MISC_FILE                            ; ipcore/fir/fir_sim/auk_dspip_math_pkg_hpfir.vhd                    ; --            ; --          ; --             ;
; MISC_FILE                            ; ipcore/fir/fir_sim/auk_dspip_lib_pkg_hpfir.vhd                     ; --            ; --          ; --             ;
; MISC_FILE                            ; ipcore/fir/fir_sim/auk_dspip_avalon_streaming_controller_hpfir.vhd ; --            ; --          ; --             ;
; MISC_FILE                            ; ipcore/fir/fir_sim/auk_dspip_avalon_streaming_sink_hpfir.vhd       ; --            ; --          ; --             ;
; MISC_FILE                            ; ipcore/fir/fir_sim/auk_dspip_avalon_streaming_source_hpfir.vhd     ; --            ; --          ; --             ;
; MISC_FILE                            ; ipcore/fir/fir_sim/auk_dspip_roundsat_hpfir.vhd                    ; --            ; --          ; --             ;
; MISC_FILE                            ; ipcore/fir/fir_sim/altera_avalon_sc_fifo.v                         ; --            ; --          ; --             ;
; MISC_FILE                            ; ipcore/fir/fir_sim/fir_rtl_core_u0_m0_wo0_cm0_lutmem.hex           ; --            ; --          ; --             ;
; MISC_FILE                            ; ipcore/fir/fir_sim/fir_rtl_core.vhd                                ; --            ; --          ; --             ;
; MISC_FILE                            ; ipcore/fir/fir_sim/fir_ast.vhd                                     ; --            ; --          ; --             ;
; MISC_FILE                            ; ipcore/fir/fir_sim/fir.vhd                                         ; --            ; --          ; --             ;
; MISC_FILE                            ; ipcore/fir/fir_sim/fir_nativelink.tcl                              ; --            ; --          ; --             ;
; MISC_FILE                            ; ipcore/fir/fir_sim/fir_msim.tcl                                    ; --            ; --          ; --             ;
; MISC_FILE                            ; ipcore/fir/fir_sim/fir_tb.vhd                                      ; --            ; --          ; --             ;
; MISC_FILE                            ; ipcore/fir/fir_sim/fir_mlab.m                                      ; --            ; --          ; --             ;
; MISC_FILE                            ; ipcore/fir/fir_sim/fir_model.m                                     ; --            ; --          ; --             ;
; MISC_FILE                            ; ipcore/fir/fir_sim/fir_coef_int.txt                                ; --            ; --          ; --             ;
; MISC_FILE                            ; ipcore/fir/fir_sim/fir_input.txt                                   ; --            ; --          ; --             ;
; MISC_FILE                            ; ipcore/fir/fir_sim/fir_param.txt                                   ; --            ; --          ; --             ;
; MISC_FILE                            ; ipcore/fir/fir.cmp                                                 ; --            ; --          ; --             ;
; MISC_FILE                            ; ipcore/rom_iir_1000/rom_iir_1000_inst.v                            ; --            ; --          ; --             ;
; MISC_FILE                            ; ipcore/my_lpm_mult/my_lpm_mult_inst.v                              ; --            ; --          ; --             ;
; MISC_FILE                            ; ipcore/my_lpm_mult28in/my_lpm_mult28in_inst.v                      ; --            ; --          ; --             ;
; MISC_FILE                            ; ipcore/pll/pll_inst.v                                              ; --            ; --          ; --             ;
; MISC_FILE                            ; ipcore/pll/pll.ppf                                                 ; --            ; --          ; --             ;
; MISC_FILE                            ; ipcore/rom_iir_100/rom_iir_100_inst.v                              ; --            ; --          ; --             ;
; MISC_FILE                            ; ipcore/rom_iir_200/rom_iir_200_inst.v                              ; --            ; --          ; --             ;
; MISC_FILE                            ; ipcore/rom_iir_600/rom_iir_600_inst.v                              ; --            ; --          ; --             ;
; MISC_FILE                            ; ipcore/rom_iir_2000/rom_iir_2000_inst.v                            ; --            ; --          ; --             ;
; MISC_FILE                            ; ipcore/rom_iir_3000/rom_iir_3000_inst.v                            ; --            ; --          ; --             ;
; MISC_FILE                            ; ipcore/rom_iir_5000/rom_iir_5000_inst.v                            ; --            ; --          ; --             ;
; MISC_FILE                            ; ipcore/rom_iir_8000/rom_iir_8000_inst.v                            ; --            ; --          ; --             ;
; OUTPUT_IO_TIMING_FAR_END_VMEAS       ; Half Signal Swing                                                  ; --            ; --          ; --             ;
; OUTPUT_IO_TIMING_FAR_END_VMEAS       ; Half Signal Swing                                                  ; --            ; --          ; --             ;
; OUTPUT_IO_TIMING_NEAR_END_VMEAS      ; Half Vccio                                                         ; --            ; --          ; --             ;
; OUTPUT_IO_TIMING_NEAR_END_VMEAS      ; Half Vccio                                                         ; --            ; --          ; --             ;
; PARTITION_COLOR                      ; -- (Not supported for targeted family)                             ; --            ; --          ; Top            ;
; PARTITION_FITTER_PRESERVATION_LEVEL  ; -- (Not supported for targeted family)                             ; --            ; --          ; Top            ;
; PARTITION_NETLIST_TYPE               ; -- (Not supported for targeted family)                             ; --            ; --          ; Top            ;
; POWER_BOARD_THERMAL_MODEL            ; None (CONSERVATIVE)                                                ; --            ; --          ; --             ;
; POWER_PRESET_COOLING_SOLUTION        ; 23 MM HEAT SINK WITH 200 LFPM AIRFLOW                              ; --            ; --          ; --             ;
; PROJECT_OUTPUT_DIRECTORY             ; output_files                                                       ; --            ; --          ; --             ;
; SPD_FILE                             ; ipcore/fir/fir.spd                                                 ; --            ; --          ; --             ;
; SYNTHESIS_ONLY_QIP                   ; On                                                                 ; --            ; --          ; --             ;
+--------------------------------------+--------------------------------------------------------------------+---------------+-------------+----------------+


+--------------------------------------------------------------------------------------------------------------------------+
; Flow Elapsed Time                                                                                                        ;
+----------------------+--------------+-------------------------+---------------------+------------------------------------+
; Module Name          ; Elapsed Time ; Average Processors Used ; Peak Virtual Memory ; Total CPU Time (on all processors) ;
+----------------------+--------------+-------------------------+---------------------+------------------------------------+
; Analysis & Synthesis ; 00:00:35     ; 1.0                     ; 4893 MB             ; 00:00:36                           ;
; Fitter               ; 00:00:58     ; 1.2                     ; 5718 MB             ; 00:01:21                           ;
; Assembler            ; 00:00:01     ; 1.0                     ; 4697 MB             ; 00:00:01                           ;
; Timing Analyzer      ; 00:00:07     ; 1.3                     ; 4851 MB             ; 00:00:08                           ;
; EDA Netlist Writer   ; 00:00:09     ; 1.0                     ; 4718 MB             ; 00:00:08                           ;
; Total                ; 00:01:50     ; --                      ; --                  ; 00:02:14                           ;
+----------------------+--------------+-------------------------+---------------------+------------------------------------+


+------------------------------------------------------------------------------------+
; Flow OS Summary                                                                    ;
+----------------------+------------------+------------+------------+----------------+
; Module Name          ; Machine Hostname ; OS Name    ; OS Version ; Processor type ;
+----------------------+------------------+------------+------------+----------------+
; Analysis & Synthesis ; X593XK8J847GD2N  ; Windows 10 ; 10.0       ; x86_64         ;
; Fitter               ; X593XK8J847GD2N  ; Windows 10 ; 10.0       ; x86_64         ;
; Assembler            ; X593XK8J847GD2N  ; Windows 10 ; 10.0       ; x86_64         ;
; Timing Analyzer      ; X593XK8J847GD2N  ; Windows 10 ; 10.0       ; x86_64         ;
; EDA Netlist Writer   ; X593XK8J847GD2N  ; Windows 10 ; 10.0       ; x86_64         ;
+----------------------+------------------+------------+------------+----------------+


------------
; Flow Log ;
------------
quartus_map --read_settings_files=on --write_settings_files=off au_filter -c au_filter
quartus_fit --read_settings_files=off --write_settings_files=off au_filter -c au_filter
quartus_asm --read_settings_files=off --write_settings_files=off au_filter -c au_filter
quartus_sta au_filter -c au_filter
quartus_eda --read_settings_files=off --write_settings_files=off au_filter -c au_filter



