Design Assistant report for au_filter
Tue Apr 12 19:50:37 2022
Quartus Prime Version 17.1.0 Build 590 10/25/2017 SJ Lite Edition


---------------------
; Table of Contents ;
---------------------
  1. Legal Notice
  2. Design Assistant Summary
  3. Design Assistant Settings
  4. High Violations
  5. Medium Violations
  6. Information only Violations
  7. Design Assistant Messages



----------------
; Legal Notice ;
----------------
Copyright (C) 2017  Intel Corporation. All rights reserved.
Your use of Intel Corporation's design tools, logic functions 
and other software and tools, and its AMPP partner logic 
functions, and any output files from any of the foregoing 
(including device programming or simulation files), and any 
associated documentation or information are expressly subject 
to the terms and conditions of the Intel Program License 
Subscription Agreement, the Intel Quartus Prime License Agreement,
the Intel FPGA IP License Agreement, or other applicable license
agreement, including, without limitation, that your use is for
the sole purpose of programming logic devices manufactured by
Intel and sold by Intel or its authorized distributors.  Please
refer to the applicable agreement for further details.



+-------------------------------------------------------------------------+
; Design Assistant Summary                                                ;
+-----------------------------------+-------------------------------------+
; Design Assistant Status           ; Analyzed - Tue Apr 12 19:50:37 2022 ;
; Revision Name                     ; au_filter                           ;
; Top-level Entity Name             ; au_filter                           ;
; Family                            ; Cyclone IV E                        ;
; Total Critical Violations         ; 0                                   ;
; Total High Violations             ; 1                                   ;
; - Rule C105                       ; 1                                   ;
; Total Medium Violations           ; 2                                   ;
; - Rule R102                       ; 1                                   ;
; - Rule D102                       ; 1                                   ;
; Total Information only Violations ; 54                                  ;
; - Rule T101                       ; 4                                   ;
; - Rule T102                       ; 50                                  ;
+-----------------------------------+-------------------------------------+


+------------------------------------------------------------------------------------------------------------------------------------------------------------------------------------------+
; Design Assistant Settings                                                                                                                                                                ;
+----------------------------------------------------------------------------------------------------------------------------------------------------------------------+--------------+----+
; Option                                                                                                                                                               ; Setting      ; To ;
+----------------------------------------------------------------------------------------------------------------------------------------------------------------------+--------------+----+
; Design Assistant mode                                                                                                                                                ; Post-Fitting ;    ;
; Threshold value for clock net not mapped to clock spines rule                                                                                                        ; 25           ;    ;
; Minimum number of clock port feed by gated clocks                                                                                                                    ; 30           ;    ;
; Minimum number of node fan-out                                                                                                                                       ; 30           ;    ;
; Maximum number of nodes to report                                                                                                                                    ; 50           ;    ;
; Rule C101: Gated clock should be implemented according to the Intel FPGA standard scheme                                                                             ; On           ;    ;
; Rule C102: Logic cell should not be used to generate an inverted clock signal                                                                                        ; On           ;    ;
; Rule C103: Gated clock does not feed at least a pre-defined number of clock ports to effectively save power                                                          ; On           ;    ;
; Rule C104: Clock signal source should drive only clock input ports                                                                                                   ; On           ;    ;
; Rule C105: Clock signal should be a global signal                                                                                                                    ; On           ;    ;
; Rule C106: Clock signal source should not drive registers triggered by different clock edges                                                                         ; On           ;    ;
; Rule R101: Combinational logic used as a reset signal should be synchronized                                                                                         ; On           ;    ;
; Rule R102: External reset signals should be synchronized using two cascaded registers                                                                                ; On           ;    ;
; Rule R103: External reset signal should be correctly synchronized                                                                                                    ; On           ;    ;
; Rule R104: The reset signal that is generated in one clock domain and used in another clock domain should be correctly synchronized                                  ; On           ;    ;
; Rule R105: The reset signal that is generated in one clock domain and used in another clock domain should be synchronized                                            ; On           ;    ;
; Rule T101: Nodes with more than the specified number of fan-outs                                                                                                     ; On           ;    ;
; Rule T102: Top nodes with the highest number of fan-outs                                                                                                             ; On           ;    ;
; Rule A101: Design should not contain combinational loops                                                                                                             ; On           ;    ;
; Rule A102: Register output should not drive its own control signal directly or through combinational logic                                                           ; On           ;    ;
; Rule A103: Design should not contain delay chains                                                                                                                    ; On           ;    ;
; Rule A104: Design should not contain ripple clock structures                                                                                                         ; On           ;    ;
; Rule A105: Pulses should not be implemented asynchronously                                                                                                           ; On           ;    ;
; Rule A106: Multiple pulses should not be generated in design                                                                                                         ; On           ;    ;
; Rule A107: Design should not contain SR latches                                                                                                                      ; On           ;    ;
; Rule A108: Design should not contain latches                                                                                                                         ; On           ;    ;
; Rule S101: Output enable and input of the same tri-state node should not be driven by same signal source                                                             ; On           ;    ;
; Rule S102: Synchronous port and asynchronous port of the same register should not be driven by the same signal source                                                ; On           ;    ;
; Rule S103: More than one asynchronous port of a register should not be driven by the same signal source                                                              ; On           ;    ;
; Rule S104: Clock port and any other port of a register should not be driven by the same signal source                                                                ; On           ;    ;
; Rule D101: Data bits are not synchronized when transferred between asynchronous clock domains                                                                        ; On           ;    ;
; Rule D102: Multiple data bits that are transferred across asynchronous clock domains are synchronized, but not all bits may be aligned in the receiving clock domain ; On           ;    ;
; Rule D103: Data bits are not correctly synchronized when transferred between asynchronous clock domains                                                              ; On           ;    ;
+----------------------------------------------------------------------------------------------------------------------------------------------------------------------+--------------+----+


+----------------------------------------------------------+
; High Violations                                          ;
+---------------------------------------------------+------+
; Rule name                                         ; Name ;
+---------------------------------------------------+------+
; Rule C105: Clock signal should be a global signal ; bclk ;
+---------------------------------------------------+------+


+---------------------------------------------------------------------------------------------------------------------------------------------------------------------------------------------------------------------------------------------------------------------------------------------------------------------------------------------------------------------------------------------------------------------------------------------------------------------+
; Medium Violations                                                                                                                                                                                                                                                                                                                                                                                                                                                   ;
+------------------------------------------------------------------------------------------------------------------------------------------------------------------------------------+--------------------------------------------------------------------------------------------------------------------------------------------------------------------------------------------------------------------------------------------------------------------------------+
; Rule name                                                                                                                                                                          ; Name                                                                                                                                                                                                                                                                           ;
+------------------------------------------------------------------------------------------------------------------------------------------------------------------------------------+--------------------------------------------------------------------------------------------------------------------------------------------------------------------------------------------------------------------------------------------------------------------------------+
; Rule R102: External reset signals should be synchronized using two cascaded registers                                                                                              ; sys_rst                                                                                                                                                                                                                                                                        ;
;  Reset signal destination node(s) list                                                                                                                                             ; FirIP_all:FirIP_all_inst|fir_all:fir_all_inst|fir_all_0002:fir_all_inst|fir_all_0002_ast:fir_all_0002_ast_inst|fir_all_0002_rtl_core:\real_passthrough:hpfircore_core|lpm_mult:u0_m0_wo0_mtree_mult1_0_im4_component|mult_lcu:auto_generated|mac_mult1~OBSERVABLEDATAA_REGOUT0 ;
;  Reset signal destination node(s) list                                                                                                                                             ; FirIP_all:FirIP_all_inst|fir_all:fir_all_inst|fir_all_0002:fir_all_inst|fir_all_0002_ast:fir_all_0002_ast_inst|fir_all_0002_rtl_core:\real_passthrough:hpfircore_core|lpm_mult:u0_m0_wo0_mtree_mult1_0_im4_component|mult_lcu:auto_generated|mac_mult1~OBSERVABLEDATAA_REGOUT1 ;
;  Reset signal destination node(s) list                                                                                                                                             ; FirIP_all:FirIP_all_inst|fir_all:fir_all_inst|fir_all_0002:fir_all_inst|fir_all_0002_ast:fir_all_0002_ast_inst|fir_all_0002_rtl_core:\real_passthrough:hpfircore_core|lpm_mult:u0_m0_wo0_mtree_mult1_0_im4_component|mult_lcu:auto_generated|mac_mult1~OBSERVABLEDATAA_REGOUT2 ;
;  Reset signal destination node(s) list                                                                                                                                             ; FirIP_all:FirIP_all_inst|fir_all:fir_all_inst|fir_all_0002:fir_all_inst|fir_all_0002_ast:fir_all_0002_ast_inst|fir_all_0002_rtl_core:\real_passthrough:hpfircore_core|lpm_mult:u0_m0_wo0_mtree_mult1_0_im4_component|mult_lcu:auto_generated|mac_mult1~OBSERVABLEDATAA_REGOUT3 ;
;  Reset signal destination node(s) list                                                                                                                                             ; FirIP_all:FirIP_all_inst|fir_all:fir_all_inst|fir_all_0002:fir_all_inst|fir_all_0002_ast:fir_all_0002_ast_inst|fir_all_0002_rtl_core:\real_passthrough:hpfircore_core|lpm_mult:u0_m0_wo0_mtree_mult1_0_im4_component|mult_lcu:auto_generated|mac_mult1~OBSERVABLEDATAA_REGOUT4 ;
;  Reset signal destination node(s) list                                                                                                                                             ; FirIP_all:FirIP_all_inst|fir_all:fir_all_inst|fir_all_0002:fir_all_inst|fir_all_0002_ast:fir_all_0002_ast_inst|fir_all_0002_rtl_core:\real_passthrough:hpfircore_core|lpm_mult:u0_m0_wo0_mtree_mult1_0_im4_component|mult_lcu:auto_generated|mac_mult1~OBSERVABLEDATAA_REGOUT5 ;
;  Reset signal destination node(s) list                                                                                                                                             ; FirIP_all:FirIP_all_inst|fir_all:fir_all_inst|fir_all_0002:fir_all_inst|fir_all_0002_ast:fir_all_0002_ast_inst|fir_all_0002_rtl_core:\real_passthrough:hpfircore_core|lpm_mult:u0_m0_wo0_mtree_mult1_0_im4_component|mult_lcu:auto_generated|mac_mult1~OBSERVABLEDATAA_REGOUT6 ;
;  Reset signal destination node(s) list                                                                                                                                             ; FirIP_all:FirIP_all_inst|fir_all:fir_all_inst|fir_all_0002:fir_all_inst|fir_all_0002_ast:fir_all_0002_ast_inst|fir_all_0002_rtl_core:\real_passthrough:hpfircore_core|lpm_mult:u0_m0_wo0_mtree_mult1_0_im4_component|mult_lcu:auto_generated|mac_mult1~OBSERVABLEDATAA_REGOUT7 ;
;  Reset signal destination node(s) list                                                                                                                                             ; FirIP_all:FirIP_all_inst|fir_all:fir_all_inst|fir_all_0002:fir_all_inst|fir_all_0002_ast:fir_all_0002_ast_inst|fir_all_0002_rtl_core:\real_passthrough:hpfircore_core|lpm_mult:u0_m0_wo0_mtree_mult1_0_im4_component|mult_lcu:auto_generated|mac_mult1~OBSERVABLEDATAA_REGOUT8 ;
;  Reset signal destination node(s) list                                                                                                                                             ; FirIP_all:FirIP_all_inst|fir_all:fir_all_inst|fir_all_0002:fir_all_inst|fir_all_0002_ast:fir_all_0002_ast_inst|fir_all_0002_rtl_core:\real_passthrough:hpfircore_core|lpm_mult:u0_m0_wo0_mtree_mult1_0_im4_component|mult_lcu:auto_generated|mac_mult1~OBSERVABLEDATAA_REGOUT9 ;
; Rule D102: Multiple data bits that are transferred across asynchronous clock domains are synchronized, but not all bits may be aligned in the receiving clock domain - Structure 1 ;                                                                                                                                                                                                                                                                                ;
;  Source node(s) from clock "bclk" - (Bus)                                                                                                                                          ; i2s:i2s_inst|receive_left_data                                                                                                                                                                                                                                                 ;
;  Synchronizer node(s) from clock "sys_clk" - (Bus)                                                                                                                                 ; FirIP:FirIP_inst|fir:fir_inst|fir_0002:fir_inst|fir_0002_ast:fir_0002_ast_inst|fir_0002_rtl_core:\real_passthrough:hpfircore_core|dspba_delay:d_xIn_0_15|delay_signals[4]                                                                                                      ;
+------------------------------------------------------------------------------------------------------------------------------------------------------------------------------------+--------------------------------------------------------------------------------------------------------------------------------------------------------------------------------------------------------------------------------------------------------------------------------+


+--------------------------------------------------------------------------------------------------------------------------------------------------------------------------------------------------------------------------------------------------------------------------------------------------------------------------------------+
; Information only Violations                                                                                                                                                                                                                                                                                                          ;
+------------------------------------------------------------------+---------------------------------------------------------------------------------------------------------------------------------------------------------------------------------------------------------------------------------------------------------+---------+
; Rule name                                                        ; Name                                                                                                                                                                                                                                                    ; Fan-Out ;
+------------------------------------------------------------------+---------------------------------------------------------------------------------------------------------------------------------------------------------------------------------------------------------------------------------------------------------+---------+
; Rule T101: Nodes with more than the specified number of fan-outs ; FirIP:FirIP_inst|fir:fir_inst|fir_0002:fir_inst|fir_0002_ast:fir_0002_ast_inst|fir_0002_rtl_core:\real_passthrough:hpfircore_core|dspba_delay:d_u0_m0_wo0_compute_q_18|delay_signals[0][0]                                                              ; 40      ;
; Rule T101: Nodes with more than the specified number of fan-outs ; sys_rst~inputclkctrl                                                                                                                                                                                                                                    ; 353     ;
; Rule T101: Nodes with more than the specified number of fan-outs ; sys_clk~inputclkctrl                                                                                                                                                                                                                                    ; 357     ;
; Rule T101: Nodes with more than the specified number of fan-outs ; FirIP:FirIP_inst|fir:fir_inst|fir_0002:fir_inst|fir_0002_ast:fir_0002_ast_inst|fir_0002_rtl_core:\real_passthrough:hpfircore_core|\u0_m0_wo0_aseq_clkproc:u0_m0_wo0_aseq_c[10]                                                                          ; 42      ;
; Rule T102: Top nodes with the highest number of fan-outs         ; sys_clk~inputclkctrl                                                                                                                                                                                                                                    ; 357     ;
; Rule T102: Top nodes with the highest number of fan-outs         ; sys_rst~inputclkctrl                                                                                                                                                                                                                                    ; 353     ;
; Rule T102: Top nodes with the highest number of fan-outs         ; FirIP:FirIP_inst|fir:fir_inst|fir_0002:fir_inst|fir_0002_ast:fir_0002_ast_inst|fir_0002_rtl_core:\real_passthrough:hpfircore_core|\u0_m0_wo0_aseq_clkproc:u0_m0_wo0_aseq_c[10]                                                                          ; 42      ;
; Rule T102: Top nodes with the highest number of fan-outs         ; FirIP:FirIP_inst|fir:fir_inst|fir_0002:fir_inst|fir_0002_ast:fir_0002_ast_inst|fir_0002_rtl_core:\real_passthrough:hpfircore_core|dspba_delay:d_u0_m0_wo0_compute_q_18|delay_signals[0][0]                                                              ; 40      ;
; Rule T102: Top nodes with the highest number of fan-outs         ; i2s:i2s_inst|left_data[0]~0                                                                                                                                                                                                                             ; 24      ;
; Rule T102: Top nodes with the highest number of fan-outs         ; i2s:i2s_inst|Equal0~1                                                                                                                                                                                                                                   ; 24      ;
; Rule T102: Top nodes with the highest number of fan-outs         ; FirIP:FirIP_inst|fir:fir_inst|fir_0002:fir_inst|fir_0002_ast:fir_0002_ast_inst|auk_dspip_avalon_streaming_source_hpfir:source|data_valid                                                                                                                ; 19      ;
; Rule T102: Top nodes with the highest number of fan-outs         ; FirIP_all:FirIP_all_inst|fir_all:fir_all_inst|fir_all_0002:fir_all_inst|fir_all_0002_ast:fir_all_0002_ast_inst|fir_all_0002_rtl_core:\real_passthrough:hpfircore_core|dspba_delay:d_in0_m0_wi0_wo0_assign_id1_q_15|delay_signals[0][0]                  ; 13      ;
; Rule T102: Top nodes with the highest number of fan-outs         ; FirIP:FirIP_inst|fir:fir_inst|fir_0002:fir_inst|fir_0002_ast:fir_0002_ast_inst|fir_0002_rtl_core:\real_passthrough:hpfircore_core|dspba_delay:d_u0_m0_wo0_compute_q_17|delay_signals[0][0]                                                              ; 11      ;
; Rule T102: Top nodes with the highest number of fan-outs         ; i2s:i2s_inst|ws_d1                                                                                                                                                                                                                                      ; 11      ;
; Rule T102: Top nodes with the highest number of fan-outs         ; FirIP:FirIP_inst|fir:fir_inst|fir_0002:fir_inst|fir_0002_ast:fir_0002_ast_inst|fir_0002_rtl_core:\real_passthrough:hpfircore_core|u0_m0_wo0_run_enableQ~1                                                                                               ; 8       ;
; Rule T102: Top nodes with the highest number of fan-outs         ; FirIP:FirIP_inst|fir:fir_inst|fir_0002:fir_inst|fir_0002_ast:fir_0002_ast_inst|fir_0002_rtl_core:\real_passthrough:hpfircore_core|\u0_m0_wo0_aseq_clkproc:u0_m0_wo0_aseq_c[0]~0                                                                         ; 8       ;
; Rule T102: Top nodes with the highest number of fan-outs         ; FirIP_all:FirIP_all_inst|fir_all:fir_all_inst|fir_all_0002:fir_all_inst|fir_all_0002_ast:fir_all_0002_ast_inst|fir_all_0002_rtl_core:\real_passthrough:hpfircore_core|u0_m0_wo0_ca0_i[0]~0                                                              ; 8       ;
; Rule T102: Top nodes with the highest number of fan-outs         ; FirIP_all:FirIP_all_inst|fir_all:fir_all_inst|fir_all_0002:fir_all_inst|fir_all_0002_ast:fir_all_0002_ast_inst|fir_all_0002_rtl_core:\real_passthrough:hpfircore_core|u0_m0_wo0_wi0_r0_ra0_count0_inner_i[0]~1                                          ; 8       ;
; Rule T102: Top nodes with the highest number of fan-outs         ; FirIP_all:FirIP_all_inst|fir_all:fir_all_inst|fir_all_0002:fir_all_inst|fir_all_0002_ast:fir_all_0002_ast_inst|fir_all_0002_rtl_core:\real_passthrough:hpfircore_core|u0_m0_wo0_wi0_r0_ra0_count1_i[0]~0                                                ; 8       ;
; Rule T102: Top nodes with the highest number of fan-outs         ; FirIP:FirIP_inst|fir:fir_inst|fir_0002:fir_inst|fir_0002_ast:fir_0002_ast_inst|fir_0002_rtl_core:\real_passthrough:hpfircore_core|\u0_m0_wo0_oseq_clkproc:u0_m0_wo0_oseq_c[0]~0                                                                         ; 8       ;
; Rule T102: Top nodes with the highest number of fan-outs         ; FirIP_all:FirIP_all_inst|fir_all:fir_all_inst|fir_all_0002:fir_all_inst|fir_all_0002_ast:fir_all_0002_ast_inst|fir_all_0002_rtl_core:\real_passthrough:hpfircore_core|u0_m0_wo0_wi0_r0_ra0_count0_clkproc~0                                             ; 8       ;
; Rule T102: Top nodes with the highest number of fan-outs         ; Equal1~0                                                                                                                                                                                                                                                ; 6       ;
; Rule T102: Top nodes with the highest number of fan-outs         ; FirIP_all:FirIP_all_inst|fir_all:fir_all_inst|fir_all_0002:fir_all_inst|fir_all_0002_ast:fir_all_0002_ast_inst|fir_all_0002_rtl_core:\real_passthrough:hpfircore_core|lpm_mult:u0_m0_wo0_mtree_mult1_0_im0_component|mult_9eu:auto_generated|result[33] ; 6       ;
; Rule T102: Top nodes with the highest number of fan-outs         ; Equal1~2                                                                                                                                                                                                                                                ; 6       ;
; Rule T102: Top nodes with the highest number of fan-outs         ; Equal1~1                                                                                                                                                                                                                                                ; 6       ;
; Rule T102: Top nodes with the highest number of fan-outs         ; FirIP:FirIP_inst|fir:fir_inst|fir_0002:fir_inst|fir_0002_ast:fir_0002_ast_inst|fir_0002_rtl_core:\real_passthrough:hpfircore_core|u0_m0_wo0_run_count[1]                                                                                                ; 6       ;
; Rule T102: Top nodes with the highest number of fan-outs         ; FirIP:FirIP_inst|fir:fir_inst|fir_0002:fir_inst|fir_0002_ast:fir_0002_ast_inst|fir_0002_rtl_core:\real_passthrough:hpfircore_core|dspba_delay:d_u0_m0_wo0_memread_q_14|delay_signals[0][0]                                                              ; 5       ;
; Rule T102: Top nodes with the highest number of fan-outs         ; FirIP:FirIP_inst|fir:fir_inst|fir_0002:fir_inst|fir_0002_ast:fir_0002_ast_inst|fir_0002_rtl_core:\real_passthrough:hpfircore_core|u0_m0_wo0_aseq_eq                                                                                                     ; 5       ;
; Rule T102: Top nodes with the highest number of fan-outs         ; FirIP:FirIP_inst|fir:fir_inst|fir_0002:fir_inst|fir_0002_ast:fir_0002_ast_inst|fir_0002_rtl_core:\real_passthrough:hpfircore_core|u0_m0_wo0_oseq_eq                                                                                                     ; 5       ;
; Rule T102: Top nodes with the highest number of fan-outs         ; FirIP:FirIP_inst|fir:fir_inst|fir_0002:fir_inst|fir_0002_ast:fir_0002_ast_inst|fir_0002_rtl_core:\real_passthrough:hpfircore_core|\u0_m0_wo0_aseq_clkproc:u0_m0_wo0_aseq_c[8]                                                                           ; 5       ;
; Rule T102: Top nodes with the highest number of fan-outs         ; FirIP:FirIP_inst|fir:fir_inst|fir_0002:fir_inst|fir_0002_ast:fir_0002_ast_inst|fir_0002_rtl_core:\real_passthrough:hpfircore_core|\u0_m0_wo0_oseq_clkproc:u0_m0_wo0_oseq_c[8]                                                                           ; 5       ;
; Rule T102: Top nodes with the highest number of fan-outs         ; FirIP_all:FirIP_all_inst|fir_all:fir_all_inst|fir_all_0002:fir_all_inst|fir_all_0002_ast:fir_all_0002_ast_inst|fir_all_0002_rtl_core:\real_passthrough:hpfircore_core|u0_m0_wo0_wi0_r0_ra0_count0_inner_i[8]                                            ; 5       ;
; Rule T102: Top nodes with the highest number of fan-outs         ; FirIP:FirIP_inst|fir:fir_inst|fir_0002:fir_inst|fir_0002_ast:fir_0002_ast_inst|fir_0002_rtl_core:\real_passthrough:hpfircore_core|\u0_m0_wo0_oseq_clkproc:u0_m0_wo0_oseq_c[10]                                                                          ; 4       ;
; Rule T102: Top nodes with the highest number of fan-outs         ; FirIP_all:FirIP_all_inst|fir_all:fir_all_inst|fir_all_0002:fir_all_inst|fir_all_0002_ast:fir_all_0002_ast_inst|fir_all_0002_rtl_core:\real_passthrough:hpfircore_core|u0_m0_wo0_ca0_i[8]                                                                ; 4       ;
; Rule T102: Top nodes with the highest number of fan-outs         ; FirIP:FirIP_inst|fir:fir_inst|fir_0002:fir_inst|fir_0002_ast:fir_0002_ast_inst|fir_0002_rtl_core:\real_passthrough:hpfircore_core|\u0_m0_wo0_run_clkproc:u0_m0_wo0_run_enable_c[8]                                                                      ; 4       ;
; Rule T102: Top nodes with the highest number of fan-outs         ; FirIP_all:FirIP_all_inst|fir_all:fir_all_inst|fir_all_0002:fir_all_inst|fir_all_0002_ast:fir_all_0002_ast_inst|fir_all_0002_rtl_core:\real_passthrough:hpfircore_core|u0_m0_wo0_wi0_r0_ra0_count1_i[8]                                                  ; 4       ;
; Rule T102: Top nodes with the highest number of fan-outs         ; FirIP:FirIP_inst|fir:fir_inst|fir_0002:fir_inst|fir_0002_ast:fir_0002_ast_inst|fir_0002_rtl_core:\real_passthrough:hpfircore_core|dspba_delay:u0_m0_wo0_compute|delay_signals[0][0]                                                                     ; 4       ;
; Rule T102: Top nodes with the highest number of fan-outs         ; FirIP:FirIP_inst|fir:fir_inst|fir_0002:fir_inst|fir_0002_ast:fir_0002_ast_inst|fir_0002_rtl_core:\real_passthrough:hpfircore_core|\u0_m0_wo0_aseq_clkproc:u0_m0_wo0_aseq_c[9]                                                                           ; 4       ;
; Rule T102: Top nodes with the highest number of fan-outs         ; FirIP:FirIP_inst|fir:fir_inst|fir_0002:fir_inst|fir_0002_ast:fir_0002_ast_inst|fir_0002_rtl_core:\real_passthrough:hpfircore_core|dspba_delay:u0_m0_wo0_memread|delay_signals[0][0]                                                                     ; 4       ;
; Rule T102: Top nodes with the highest number of fan-outs         ; FirIP_all:FirIP_all_inst|fir_all:fir_all_inst|fir_all_0002:fir_all_inst|fir_all_0002_ast:fir_all_0002_ast_inst|fir_all_0002_rtl_core:\real_passthrough:hpfircore_core|u0_m0_wo0_wi0_r0_ra0_count1_i[0]                                                  ; 4       ;
; Rule T102: Top nodes with the highest number of fan-outs         ; FirIP_all:FirIP_all_inst|fir_all:fir_all_inst|fir_all_0002:fir_all_inst|fir_all_0002_ast:fir_all_0002_ast_inst|fir_all_0002_rtl_core:\real_passthrough:hpfircore_core|u0_m0_wo0_ca0_i[0]                                                                ; 4       ;
; Rule T102: Top nodes with the highest number of fan-outs         ; FirIP:FirIP_inst|fir:fir_inst|fir_0002:fir_inst|fir_0002_ast:fir_0002_ast_inst|fir_0002_rtl_core:\real_passthrough:hpfircore_core|\u0_m0_wo0_oseq_clkproc:u0_m0_wo0_oseq_c[9]                                                                           ; 4       ;
; Rule T102: Top nodes with the highest number of fan-outs         ; Equal1~3                                                                                                                                                                                                                                                ; 3       ;
; Rule T102: Top nodes with the highest number of fan-outs         ; FirIP_all:FirIP_all_inst|fir_all:fir_all_inst|fir_all_0002:fir_all_inst|fir_all_0002_ast:fir_all_0002_ast_inst|fir_all_0002_rtl_core:\real_passthrough:hpfircore_core|u0_m0_wo0_wi0_r0_ra0_count1_i[3]                                                  ; 3       ;
; Rule T102: Top nodes with the highest number of fan-outs         ; FirIP_all:FirIP_all_inst|fir_all:fir_all_inst|fir_all_0002:fir_all_inst|fir_all_0002_ast:fir_all_0002_ast_inst|fir_all_0002_rtl_core:\real_passthrough:hpfircore_core|u0_m0_wo0_wi0_r0_wa0_i[7]                                                         ; 3       ;
; Rule T102: Top nodes with the highest number of fan-outs         ; FirIP_all:FirIP_all_inst|fir_all:fir_all_inst|fir_all_0002:fir_all_inst|fir_all_0002_ast:fir_all_0002_ast_inst|fir_all_0002_rtl_core:\real_passthrough:hpfircore_core|u0_m0_wo0_wi0_r0_ra0_count1_i[6]                                                  ; 3       ;
; Rule T102: Top nodes with the highest number of fan-outs         ; FirIP_all:FirIP_all_inst|fir_all:fir_all_inst|fir_all_0002:fir_all_inst|fir_all_0002_ast:fir_all_0002_ast_inst|fir_all_0002_rtl_core:\real_passthrough:hpfircore_core|u0_m0_wo0_wi0_r0_wa0_i[5]                                                         ; 3       ;
; Rule T102: Top nodes with the highest number of fan-outs         ; FirIP_all:FirIP_all_inst|fir_all:fir_all_inst|fir_all_0002:fir_all_inst|fir_all_0002_ast:fir_all_0002_ast_inst|fir_all_0002_rtl_core:\real_passthrough:hpfircore_core|u0_m0_wo0_wi0_r0_ra0_count0_i[0]                                                  ; 3       ;
; Rule T102: Top nodes with the highest number of fan-outs         ; FirIP_all:FirIP_all_inst|fir_all:fir_all_inst|fir_all_0002:fir_all_inst|fir_all_0002_ast:fir_all_0002_ast_inst|fir_all_0002_rtl_core:\real_passthrough:hpfircore_core|u0_m0_wo0_wi0_r0_ra0_count1_i[2]                                                  ; 3       ;
; Rule T102: Top nodes with the highest number of fan-outs         ; FirIP_all:FirIP_all_inst|fir_all:fir_all_inst|fir_all_0002:fir_all_inst|fir_all_0002_ast:fir_all_0002_ast_inst|fir_all_0002_rtl_core:\real_passthrough:hpfircore_core|u0_m0_wo0_ca0_i[5]                                                                ; 3       ;
; Rule T102: Top nodes with the highest number of fan-outs         ; FirIP_all:FirIP_all_inst|fir_all:fir_all_inst|fir_all_0002:fir_all_inst|fir_all_0002_ast:fir_all_0002_ast_inst|fir_all_0002_rtl_core:\real_passthrough:hpfircore_core|u0_m0_wo0_wi0_r0_ra0_count1_i[7]                                                  ; 3       ;
; Rule T102: Top nodes with the highest number of fan-outs         ; FirIP_all:FirIP_all_inst|fir_all:fir_all_inst|fir_all_0002:fir_all_inst|fir_all_0002_ast:fir_all_0002_ast_inst|fir_all_0002_rtl_core:\real_passthrough:hpfircore_core|u0_m0_wo0_wi0_r0_ra0_count1_i[4]                                                  ; 3       ;
; Rule T102: Top nodes with the highest number of fan-outs         ; FirIP_all:FirIP_all_inst|fir_all:fir_all_inst|fir_all_0002:fir_all_inst|fir_all_0002_ast:fir_all_0002_ast_inst|fir_all_0002_rtl_core:\real_passthrough:hpfircore_core|u0_m0_wo0_wi0_r0_ra0_count1_i[1]                                                  ; 3       ;
; Rule T102: Top nodes with the highest number of fan-outs         ; FirIP_all:FirIP_all_inst|fir_all:fir_all_inst|fir_all_0002:fir_all_inst|fir_all_0002_ast:fir_all_0002_ast_inst|fir_all_0002_rtl_core:\real_passthrough:hpfircore_core|u0_m0_wo0_wi0_r0_wa0_i[0]                                                         ; 3       ;
+------------------------------------------------------------------+---------------------------------------------------------------------------------------------------------------------------------------------------------------------------------------------------------------------------------------------------------+---------+


+---------------------------+
; Design Assistant Messages ;
+---------------------------+
Info: *******************************************************************
Info: Running Quartus Prime Design Assistant
    Info: Version 17.1.0 Build 590 10/25/2017 SJ Lite Edition
    Info: Processing started: Tue Apr 12 19:50:34 2022
Info: Command: quartus_drc au_filter -c au_filter
Warning (18236): Number of processors has not been specified which may cause overloading on shared machines.  Set the global assignment NUM_PARALLEL_PROCESSORS in your QSF to an appropriate value for best performance.
Info (332104): Reading SDC File: 'au_filter.sdc'
Warning (332174): Ignored filter at au_filter.sdc(48): i2s_inst|pll_inst|altpll_component|auto_generated|pll1|inclk[0] could not be matched with a pin File: D:/qq/fpga_learning/li/fpga/au_filter/prj/au_filter.sdc Line: 48
Warning (332174): Ignored filter at au_filter.sdc(48): i2s_inst|pll_inst|altpll_component|auto_generated|pll1|clk[0] could not be matched with a pin File: D:/qq/fpga_learning/li/fpga/au_filter/prj/au_filter.sdc Line: 48
Critical Warning (332049): Ignored create_generated_clock at au_filter.sdc(48): Argument <targets> is an empty collection File: D:/qq/fpga_learning/li/fpga/au_filter/prj/au_filter.sdc Line: 48
    Info (332050): create_generated_clock -name {i2s_inst|pll_inst|altpll_component|auto_generated|pll1|clk[0]} -source [get_pins {i2s_inst|pll_inst|altpll_component|auto_generated|pll1|inclk[0]}] -duty_cycle 50/1 -multiply_by 32 -divide_by 625 -master_clock {sys_clk} [get_pins {i2s_inst|pll_inst|altpll_component|auto_generated|pll1|clk[0]}]  File: D:/qq/fpga_learning/li/fpga/au_filter/prj/au_filter.sdc Line: 48
Warning (332049): Ignored create_generated_clock at au_filter.sdc(48): Argument -source is an empty collection File: D:/qq/fpga_learning/li/fpga/au_filter/prj/au_filter.sdc Line: 48
Warning (332174): Ignored filter at au_filter.sdc(49): i2s_inst|pll_inst|altpll_component|auto_generated|pll1|clk[1] could not be matched with a pin File: D:/qq/fpga_learning/li/fpga/au_filter/prj/au_filter.sdc Line: 49
Critical Warning (332049): Ignored create_generated_clock at au_filter.sdc(49): Argument <targets> is an empty collection File: D:/qq/fpga_learning/li/fpga/au_filter/prj/au_filter.sdc Line: 49
    Info (332050): create_generated_clock -name {i2s_inst|pll_inst|altpll_component|auto_generated|pll1|clk[1]} -source [get_pins {i2s_inst|pll_inst|altpll_component|auto_generated|pll1|inclk[0]}] -duty_cycle 50/1 -multiply_by 1 -divide_by 1250 -master_clock {sys_clk} [get_pins {i2s_inst|pll_inst|altpll_component|auto_generated|pll1|clk[1]}]  File: D:/qq/fpga_learning/li/fpga/au_filter/prj/au_filter.sdc Line: 49
Warning (332049): Ignored create_generated_clock at au_filter.sdc(49): Argument -source is an empty collection File: D:/qq/fpga_learning/li/fpga/au_filter/prj/au_filter.sdc Line: 49
Warning (332060): Node: bclk was determined to be a clock but was found without an associated clock assignment.
    Info (13166): Register i2s:i2s_inst|receive_left_data[23] is being clocked by bclk
Critical Warning (332168): The following clock transfers have no clock uncertainty assignment. For more accurate results, apply clock uncertainty assignments or use the derive_clock_uncertainty command.
    Critical Warning (332169): From sys_clk (Rise) to sys_clk (Rise) (setup and hold)
Critical Warning (308042): (High) Rule C105: Clock signal should be a global signal. (Reporting threshold:25). Found 1 node(s) related to this rule.
    Info (308076): The following clocks all contain more than 25 fanouts. You can either change the following clock signals to global signals, or adjust the reporting threshold in the Design Assistant Settings page.
    Critical Warning (308012): Node  "bclk" File: D:/qq/fpga_learning/li/fpga/au_filter/rtl/au_filter.v Line: 7
Warning (308023): (Medium) Rule R102: External reset signals should be synchronized using two cascaded registers. Found 1 node(s) related to this rule.
    Warning (308010): Node  "sys_rst" File: D:/qq/fpga_learning/li/fpga/au_filter/rtl/au_filter.v Line: 5
Warning (308071): (Medium) Rule D102: Multiple data bits that are transferred across asynchronous clock domains are synchronized, but not all bits may be aligned in the receiving clock domain. (Value defined:2). Found 1 asynchronous clock domain interface structure(s) related to this rule.
    Warning (308010): Node  "i2s:i2s_inst|receive_left_data (Bus)" File: D:/qq/fpga_learning/li/fpga/au_filter/rtl/i2s/i2s.v Line: 76
Info (308046): (Information) Rule T101: Nodes with more than the specified number of fan-outs. (Value defined:30). Found 4 node(s) with highest fan-out.
    Info (308011): Node  "FirIP:FirIP_inst|fir:fir_inst|fir_0002:fir_inst|fir_0002_ast:fir_0002_ast_inst|fir_0002_rtl_core:\real_passthrough:hpfircore_core|dspba_delay:d_u0_m0_wo0_compute_q_18|delay_signals[0][0]" File: D:/qq/fpga_learning/li/fpga/au_filter/prj/ipcore/fir/fir/dspba_library.vhd Line: 47
    Info (308011): Node  "sys_rst~inputclkctrl" File: D:/qq/fpga_learning/li/fpga/au_filter/rtl/au_filter.v Line: 5
    Info (308011): Node  "sys_clk~inputclkctrl" File: D:/qq/fpga_learning/li/fpga/au_filter/rtl/au_filter.v Line: 4
    Info (308011): Node  "FirIP:FirIP_inst|fir:fir_inst|fir_0002:fir_inst|fir_0002_ast:fir_0002_ast_inst|fir_0002_rtl_core:\real_passthrough:hpfircore_core|\u0_m0_wo0_aseq_clkproc:u0_m0_wo0_aseq_c[10]"
Info (308044): (Information) Rule T102: Top nodes with the highest number of fan-outs. (Value defined:50). Found 50 node(s) with highest fan-out.
    Info (308011): Node  "sys_clk~inputclkctrl" File: D:/qq/fpga_learning/li/fpga/au_filter/rtl/au_filter.v Line: 4
    Info (308011): Node  "sys_rst~inputclkctrl" File: D:/qq/fpga_learning/li/fpga/au_filter/rtl/au_filter.v Line: 5
    Info (308011): Node  "FirIP:FirIP_inst|fir:fir_inst|fir_0002:fir_inst|fir_0002_ast:fir_0002_ast_inst|fir_0002_rtl_core:\real_passthrough:hpfircore_core|\u0_m0_wo0_aseq_clkproc:u0_m0_wo0_aseq_c[10]"
    Info (308011): Node  "FirIP:FirIP_inst|fir:fir_inst|fir_0002:fir_inst|fir_0002_ast:fir_0002_ast_inst|fir_0002_rtl_core:\real_passthrough:hpfircore_core|dspba_delay:d_u0_m0_wo0_compute_q_18|delay_signals[0][0]" File: D:/qq/fpga_learning/li/fpga/au_filter/prj/ipcore/fir/fir/dspba_library.vhd Line: 47
    Info (308011): Node  "i2s:i2s_inst|left_data[0]~0" File: D:/qq/fpga_learning/li/fpga/au_filter/rtl/i2s/i2s.v Line: 45
    Info (308011): Node  "i2s:i2s_inst|Equal0~1" File: D:/qq/fpga_learning/li/fpga/au_filter/rtl/i2s/i2s.v Line: 77
    Info (308011): Node  "FirIP:FirIP_inst|fir:fir_inst|fir_0002:fir_inst|fir_0002_ast:fir_0002_ast_inst|auk_dspip_avalon_streaming_source_hpfir:source|data_valid" File: D:/qq/fpga_learning/li/fpga/au_filter/prj/ipcore/fir/fir/auk_dspip_avalon_streaming_source_hpfir.vhd Line: 448
    Info (308011): Node  "FirIP_all:FirIP_all_inst|fir_all:fir_all_inst|fir_all_0002:fir_all_inst|fir_all_0002_ast:fir_all_0002_ast_inst|fir_all_0002_rtl_core:\real_passthrough:hpfircore_core|dspba_delay:d_in0_m0_wi0_wo0_assign_id1_q_15|delay_signals[0][0]" File: D:/qq/fpga_learning/li/fpga/au_filter/prj/ipcore/fir_all/fir_all/dspba_library.vhd Line: 47
    Info (308011): Node  "FirIP:FirIP_inst|fir:fir_inst|fir_0002:fir_inst|fir_0002_ast:fir_0002_ast_inst|fir_0002_rtl_core:\real_passthrough:hpfircore_core|dspba_delay:d_u0_m0_wo0_compute_q_17|delay_signals[0][0]" File: D:/qq/fpga_learning/li/fpga/au_filter/prj/ipcore/fir/fir/dspba_library.vhd Line: 47
    Info (308011): Node  "i2s:i2s_inst|ws_d1" File: D:/qq/fpga_learning/li/fpga/au_filter/rtl/i2s/i2s.v Line: 31
    Info (308011): Node  "FirIP:FirIP_inst|fir:fir_inst|fir_0002:fir_inst|fir_0002_ast:fir_0002_ast_inst|fir_0002_rtl_core:\real_passthrough:hpfircore_core|u0_m0_wo0_run_enableQ~1" File: D:/qq/fpga_learning/li/fpga/au_filter/prj/ipcore/fir/fir/fir_0002_rtl_core.vhd Line: 60
    Info (308011): Node  "FirIP:FirIP_inst|fir:fir_inst|fir_0002:fir_inst|fir_0002_ast:fir_0002_ast_inst|fir_0002_rtl_core:\real_passthrough:hpfircore_core|\u0_m0_wo0_aseq_clkproc:u0_m0_wo0_aseq_c[0]~0"
    Info (308011): Node  "FirIP_all:FirIP_all_inst|fir_all:fir_all_inst|fir_all_0002:fir_all_inst|fir_all_0002_ast:fir_all_0002_ast_inst|fir_all_0002_rtl_core:\real_passthrough:hpfircore_core|u0_m0_wo0_ca0_i[0]~0" File: D:/qq/fpga_learning/li/fpga/au_filter/prj/ipcore/fir_all/fir_all/fir_all_0002_rtl_core.vhd Line: 423
    Info (308011): Node  "FirIP_all:FirIP_all_inst|fir_all:fir_all_inst|fir_all_0002:fir_all_inst|fir_all_0002_ast:fir_all_0002_ast_inst|fir_all_0002_rtl_core:\real_passthrough:hpfircore_core|u0_m0_wo0_wi0_r0_ra0_count0_inner_i[0]~1" File: D:/qq/fpga_learning/li/fpga/au_filter/prj/ipcore/fir_all/fir_all/fir_all_0002_rtl_core.vhd Line: 296
    Info (308011): Node  "FirIP_all:FirIP_all_inst|fir_all:fir_all_inst|fir_all_0002:fir_all_inst|fir_all_0002_ast:fir_all_0002_ast_inst|fir_all_0002_rtl_core:\real_passthrough:hpfircore_core|u0_m0_wo0_wi0_r0_ra0_count1_i[0]~0" File: D:/qq/fpga_learning/li/fpga/au_filter/prj/ipcore/fir_all/fir_all/fir_all_0002_rtl_core.vhd Line: 243
    Info (308011): Node  "FirIP:FirIP_inst|fir:fir_inst|fir_0002:fir_inst|fir_0002_ast:fir_0002_ast_inst|fir_0002_rtl_core:\real_passthrough:hpfircore_core|\u0_m0_wo0_oseq_clkproc:u0_m0_wo0_oseq_c[0]~0"
    Info (308011): Node  "FirIP_all:FirIP_all_inst|fir_all:fir_all_inst|fir_all_0002:fir_all_inst|fir_all_0002_ast:fir_all_0002_ast_inst|fir_all_0002_rtl_core:\real_passthrough:hpfircore_core|u0_m0_wo0_wi0_r0_ra0_count0_clkproc~0"
    Info (308011): Node  "Equal1~0" File: D:/qq/fpga_learning/li/fpga/au_filter/rtl/au_filter.v Line: 54
    Info (308011): Node  "FirIP_all:FirIP_all_inst|fir_all:fir_all_inst|fir_all_0002:fir_all_inst|fir_all_0002_ast:fir_all_0002_ast_inst|fir_all_0002_rtl_core:\real_passthrough:hpfircore_core|lpm_mult:u0_m0_wo0_mtree_mult1_0_im0_component|mult_9eu:auto_generated|result[33]" File: D:/qq/fpga_learning/li/fpga/au_filter/prj/db/mult_9eu.tdf Line: 34
    Info (308011): Node  "Equal1~2" File: D:/qq/fpga_learning/li/fpga/au_filter/rtl/au_filter.v Line: 54
    Info (308011): Node  "Equal1~1" File: D:/qq/fpga_learning/li/fpga/au_filter/rtl/au_filter.v Line: 54
    Info (308011): Node  "FirIP:FirIP_inst|fir:fir_inst|fir_0002:fir_inst|fir_0002_ast:fir_0002_ast_inst|fir_0002_rtl_core:\real_passthrough:hpfircore_core|u0_m0_wo0_run_count[1]" File: D:/qq/fpga_learning/li/fpga/au_filter/prj/ipcore/fir/fir/fir_0002_rtl_core.vhd Line: 156
    Info (308011): Node  "FirIP:FirIP_inst|fir:fir_inst|fir_0002:fir_inst|fir_0002_ast:fir_0002_ast_inst|fir_0002_rtl_core:\real_passthrough:hpfircore_core|dspba_delay:d_u0_m0_wo0_memread_q_14|delay_signals[0][0]" File: D:/qq/fpga_learning/li/fpga/au_filter/prj/ipcore/fir/fir/dspba_library.vhd Line: 47
    Info (308011): Node  "FirIP:FirIP_inst|fir:fir_inst|fir_0002:fir_inst|fir_0002_ast:fir_0002_ast_inst|fir_0002_rtl_core:\real_passthrough:hpfircore_core|u0_m0_wo0_aseq_eq" File: D:/qq/fpga_learning/li/fpga/au_filter/prj/ipcore/fir/fir/fir_0002_rtl_core.vhd Line: 99
    Info (308011): Node  "FirIP:FirIP_inst|fir:fir_inst|fir_0002:fir_inst|fir_0002_ast:fir_0002_ast_inst|fir_0002_rtl_core:\real_passthrough:hpfircore_core|u0_m0_wo0_oseq_eq" File: D:/qq/fpga_learning/li/fpga/au_filter/prj/ipcore/fir/fir/fir_0002_rtl_core.vhd Line: 106
    Info (308011): Node  "FirIP:FirIP_inst|fir:fir_inst|fir_0002:fir_inst|fir_0002_ast:fir_0002_ast_inst|fir_0002_rtl_core:\real_passthrough:hpfircore_core|\u0_m0_wo0_aseq_clkproc:u0_m0_wo0_aseq_c[8]"
    Info (308011): Node  "FirIP:FirIP_inst|fir:fir_inst|fir_0002:fir_inst|fir_0002_ast:fir_0002_ast_inst|fir_0002_rtl_core:\real_passthrough:hpfircore_core|\u0_m0_wo0_oseq_clkproc:u0_m0_wo0_oseq_c[8]"
    Info (308011): Node  "FirIP_all:FirIP_all_inst|fir_all:fir_all_inst|fir_all_0002:fir_all_inst|fir_all_0002_ast:fir_all_0002_ast_inst|fir_all_0002_rtl_core:\real_passthrough:hpfircore_core|u0_m0_wo0_wi0_r0_ra0_count0_inner_i[8]" File: D:/qq/fpga_learning/li/fpga/au_filter/prj/ipcore/fir_all/fir_all/fir_all_0002_rtl_core.vhd Line: 296
    Info (308011): Node  "FirIP:FirIP_inst|fir:fir_inst|fir_0002:fir_inst|fir_0002_ast:fir_0002_ast_inst|fir_0002_rtl_core:\real_passthrough:hpfircore_core|\u0_m0_wo0_oseq_clkproc:u0_m0_wo0_oseq_c[10]"
    Info (308011): Node  "FirIP_all:FirIP_all_inst|fir_all:fir_all_inst|fir_all_0002:fir_all_inst|fir_all_0002_ast:fir_all_0002_ast_inst|fir_all_0002_rtl_core:\real_passthrough:hpfircore_core|u0_m0_wo0_ca0_i[8]" File: D:/qq/fpga_learning/li/fpga/au_filter/prj/ipcore/fir_all/fir_all/fir_all_0002_rtl_core.vhd Line: 423
    Info (308002): Truncated list of Design Assistant messages to 30 messages. Go to sections under Design Assistant section of Compilation Report for complete lists of Design Assistant messages generated.
Info (308007): Design Assistant information: finished post-fitting analysis of current design -- generated 54 information messages and 3 warning messages
Info: Quartus Prime Design Assistant was successful. 0 errors, 17 warnings
    Info: Peak virtual memory: 4635 megabytes
    Info: Processing ended: Tue Apr 12 19:50:37 2022
    Info: Elapsed time: 00:00:03
    Info: Total CPU time (on all processors): 00:00:03


